TN:
SF:src\App.tsx
FN:5,App
FNF:1
FNH:1
FNDA:1,App
DA:1,1
DA:2,1
DA:3,1
DA:4,1
DA:5,1
DA:6,1
DA:7,1
DA:8,1
DA:9,1
DA:10,1
DA:11,1
DA:12,1
DA:13,1
DA:14,1
DA:15,1
DA:16,1
DA:17,1
DA:18,1
DA:19,1
DA:20,1
DA:21,1
DA:22,1
DA:23,1
DA:24,1
LF:24
LH:24
BRDA:5,0,0,1
BRF:1
BRH:1
end_of_record
TN:
SF:src\components\Header.tsx
FN:3,Header
FNF:1
FNH:1
FNDA:2,Header
DA:1,1
DA:2,1
DA:3,2
DA:4,2
DA:5,2
DA:6,2
DA:7,2
DA:8,2
DA:9,2
DA:10,2
DA:11,2
DA:12,2
DA:13,2
LF:13
LH:13
BRDA:3,0,0,2
BRF:1
BRH:1
end_of_record
TN:
SF:src\components\ProductCard.tsx
FN:4,ProductCard
FNF:1
FNH:1
FNDA:13,ProductCard
DA:1,1
DA:2,1
DA:3,1
DA:4,13
DA:5,13
DA:6,13
DA:7,13
DA:8,13
DA:9,13
DA:10,13
DA:11,13
DA:12,13
DA:13,13
LF:13
LH:13
BRDA:4,0,0,13
BRF:1
BRH:1
end_of_record
TN:
SF:src\components\ProductGrid.tsx
FN:5,ProductGrid
FNF:1
FNH:1
FNDA:3,ProductGrid
DA:1,1
DA:2,1
DA:3,1
DA:4,1
DA:5,3
DA:6,3
DA:7,3
DA:8,3
DA:9,3
DA:10,3
DA:11,3
DA:12,3
DA:13,3
DA:14,3
DA:15,12
DA:16,3
DA:17,3
DA:18,3
DA:19,3
DA:20,3
LF:20
LH:20
BRDA:5,0,0,3
BRDA:14,1,0,12
BRF:2
BRH:2
end_of_record
TN:
SF:src\data\products.ts
FNF:0
FNH:0
DA:1,1
DA:2,1
DA:3,1
DA:4,1
DA:5,1
DA:6,1
DA:7,1
DA:8,1
DA:9,1
DA:10,1
LF:10
LH:10
BRF:0
BRH:0
end_of_record
